[0m18:10:19.761322 [debug] [MainThread]: Sending event: {'category': 'dbt', 'action': 'invocation', 'label': 'start', 'context': [<snowplow_tracker.self_describing_json.SelfDescribingJson object at 0x108976910>, <snowplow_tracker.self_describing_json.SelfDescribingJson object at 0x1084228d0>, <snowplow_tracker.self_describing_json.SelfDescribingJson object at 0x108978cd0>]}


============================== 18:10:19.764889 | b0f503e0-6463-4440-92c2-05f586bee05c ==============================
[0m18:10:19.764889 [info ] [MainThread]: Running with dbt=1.5.5
[0m18:10:19.765383 [debug] [MainThread]: running dbt with arguments {'printer_width': '80', 'indirect_selection': 'eager', 'log_cache_events': 'False', 'write_json': 'True', 'partial_parse': 'True', 'cache_selected_only': 'False', 'warn_error': 'None', 'version_check': 'True', 'fail_fast': 'False', 'log_path': 'logs', 'debug': 'False', 'profiles_dir': '/Users/alejandrogiraldoh/.dbt', 'use_colors': 'True', 'use_experimental_parser': 'False', 'no_print': 'None', 'quiet': 'False', 'log_format': 'default', 'introspect': 'True', 'warn_error_options': 'WarnErrorOptions(include=[], exclude=[])', 'static_parser': 'True', 'target_path': 'None', 'send_anonymous_usage_stats': 'True'}
[0m18:10:19.765795 [warn ] [MainThread]: [ConfigFolderDirectory]: Unable to parse dict {'dir': PosixPath('/Users/alejandrogiraldoh/.dbt')}
[0m18:10:19.766043 [info ] [MainThread]: Creating dbt configuration folder at 
[0m18:10:51.741059 [debug] [MainThread]: Starter project path: /Users/alejandrogiraldoh/Development/dbt-airbnb/.venv/lib/python3.11/site-packages/dbt/include/starter_project
[0m18:15:08.110918 [info ] [MainThread]: Profile transform_airbnb written to /Users/alejandrogiraldoh/.dbt/profiles.yml using target's profile_template.yml and your supplied values. Run 'dbt debug' to validate the connection.
[0m18:15:08.114447 [info ] [MainThread]: 
Your new dbt project "transform_airbnb" was created!

For more information on how to configure the profiles.yml file,
please consult the dbt documentation here:

  https://docs.getdbt.com/docs/configure-your-profile

One more thing:

Need help? Don't hesitate to reach out to us via GitHub issues or on Slack:

  https://community.getdbt.com/

Happy modeling!

[0m18:15:08.116351 [debug] [MainThread]: Command `dbt init` succeeded at 18:15:08.115946 after 288.38 seconds
[0m18:15:08.119058 [debug] [MainThread]: Sending event: {'category': 'dbt', 'action': 'invocation', 'label': 'end', 'context': [<snowplow_tracker.self_describing_json.SelfDescribingJson object at 0x104b9b510>, <snowplow_tracker.self_describing_json.SelfDescribingJson object at 0x104c2e950>, <snowplow_tracker.self_describing_json.SelfDescribingJson object at 0x104d72710>]}
[0m18:15:08.122075 [debug] [MainThread]: Flushing usage events
[0m12:01:55.669549 [debug] [MainThread]: Sending event: {'category': 'dbt', 'action': 'invocation', 'label': 'start', 'context': [<snowplow_tracker.self_describing_json.SelfDescribingJson object at 0x104cc6f50>, <snowplow_tracker.self_describing_json.SelfDescribingJson object at 0x104cc65d0>, <snowplow_tracker.self_describing_json.SelfDescribingJson object at 0x104cceb90>]}


============================== 12:01:55.673261 | ddb338c7-b3c7-4f84-ac8c-5c7561916959 ==============================
[0m12:01:55.673261 [info ] [MainThread]: Running with dbt=1.5.5
[0m12:01:55.673732 [debug] [MainThread]: running dbt with arguments {'printer_width': '80', 'indirect_selection': 'eager', 'log_cache_events': 'False', 'write_json': 'True', 'partial_parse': 'True', 'cache_selected_only': 'False', 'profiles_dir': '/Users/alejandrogiraldoh/.dbt', 'fail_fast': 'False', 'warn_error': 'None', 'log_path': 'logs', 'debug': 'False', 'version_check': 'True', 'use_colors': 'True', 'use_experimental_parser': 'False', 'no_print': 'None', 'quiet': 'False', 'warn_error_options': 'WarnErrorOptions(include=[], exclude=[])', 'static_parser': 'True', 'log_format': 'default', 'introspect': 'True', 'target_path': 'None', 'send_anonymous_usage_stats': 'True'}
[0m12:01:55.674149 [error] [MainThread]: Encountered an error:
Runtime Error
  No dbt_project.yml found at expected path /Users/alejandrogiraldoh/Development/dbt-airbnb/dbt_project.yml
  Verify that each entry within packages.yml (and their transitive dependencies) contains a file named dbt_project.yml
  
[0m12:01:55.674684 [debug] [MainThread]: Command `dbt run` failed at 12:01:55.674589 after 0.02 seconds
[0m12:01:55.674934 [debug] [MainThread]: Sending event: {'category': 'dbt', 'action': 'invocation', 'label': 'end', 'context': [<snowplow_tracker.self_describing_json.SelfDescribingJson object at 0x1045ded10>, <snowplow_tracker.self_describing_json.SelfDescribingJson object at 0x104cbe2d0>, <snowplow_tracker.self_describing_json.SelfDescribingJson object at 0x100d2e810>]}
[0m12:01:55.675185 [debug] [MainThread]: Flushing usage events
[0m17:23:31.305015 [debug] [MainThread]: Sending event: {'category': 'dbt', 'action': 'invocation', 'label': 'start', 'context': [<snowplow_tracker.self_describing_json.SelfDescribingJson object at 0x108a6ccd0>, <snowplow_tracker.self_describing_json.SelfDescribingJson object at 0x108a67290>, <snowplow_tracker.self_describing_json.SelfDescribingJson object at 0x108a6f9d0>]}


============================== 17:23:31.307675 | ec9a7d4d-5b54-40f7-81d8-110eb339a473 ==============================
[0m17:23:31.307675 [info ] [MainThread]: Running with dbt=1.5.5
[0m17:23:31.307990 [debug] [MainThread]: running dbt with arguments {'printer_width': '80', 'indirect_selection': 'eager', 'log_cache_events': 'False', 'write_json': 'True', 'partial_parse': 'True', 'cache_selected_only': 'False', 'profiles_dir': '/Users/alejandrogiraldoh/.dbt', 'debug': 'False', 'warn_error': 'None', 'log_path': 'logs', 'version_check': 'True', 'fail_fast': 'False', 'use_colors': 'True', 'use_experimental_parser': 'False', 'no_print': 'None', 'quiet': 'False', 'log_format': 'default', 'static_parser': 'True', 'introspect': 'True', 'warn_error_options': 'WarnErrorOptions(include=[], exclude=[])', 'target_path': 'None', 'send_anonymous_usage_stats': 'True'}
[0m17:23:31.308261 [error] [MainThread]: Encountered an error:
Runtime Error
  No dbt_project.yml found at expected path /Users/alejandrogiraldoh/Development/dbt-airbnb/dbt_project.yml
  Verify that each entry within packages.yml (and their transitive dependencies) contains a file named dbt_project.yml
  
[0m17:23:31.308606 [debug] [MainThread]: Command `dbt snapshot` failed at 17:23:31.308545 after 0.01 seconds
[0m17:23:31.308770 [debug] [MainThread]: Sending event: {'category': 'dbt', 'action': 'invocation', 'label': 'end', 'context': [<snowplow_tracker.self_describing_json.SelfDescribingJson object at 0x108a67150>, <snowplow_tracker.self_describing_json.SelfDescribingJson object at 0x108a62310>, <snowplow_tracker.self_describing_json.SelfDescribingJson object at 0x1081c3ad0>]}
[0m17:23:31.308936 [debug] [MainThread]: Flushing usage events
